This is TeX, C Version 3.0 (format=lplain 90.12.6)  22 APR 1991 11:35
**&latex graphX.latex
(graphX.latex
LaTeX Version 2.09 <7 Dec 1989>
(/usr/local/lib/tex/inputs/psfig.tex
\@unused=\write3

psfig: version 1.1
\ps@stream=\read0
) (/usr/local/lib/tex/inputs/report.sty
Document Style `report' <13 Nov 89>.
(/usr/local/lib/tex/inputs/rep11.sty)
\descriptionmargin=\dimen99
\c@part=\count79
\c@chapter=\count80
\c@section=\count81
\c@subsection=\count82
\c@subsubsection=\count83
\c@paragraph=\count84
\c@subparagraph=\count85
\c@figure=\count86
\c@table=\count87
 (/usr/local/lib/tex/inputs/titlepage.sty)) (/usr/local/lib/tex/inputs/makeidx.
sty)
\@indexfile=\write4

Writing index file graphX.idx 
(graphX.aux)
psfig: searching logo.ps for bounding box
psfig: including logo.ps 
[0

] [0] (graphX.toc [1

] [2] [3])
\tf@toc=\write5
 [4]
Chapter 1.
[5

] [6]
Chapter 2.
[7

] [8] [9]
Overfull \hbox (8.60977pt too wide) in paragraph at lines 191--195
\elvrm black and white doc-u-ments. The reader is asked to use his imagination[
]when

\hbox(7.60416+2.12917)x360.0, glue set - 1.0
.\elvrm b
.\elvrm l
.\elvrm a
.\elvrm c
.\kern-0.30418
.etc.

psfig: searching graphPoint.ps for bounding box
psfig: including graphPoint.ps 
psfig: searching graphBar.ps for bounding box
psfig: including graphBar.ps 
[10]
psfig: searching seqlLine.ps for bounding box
psfig: including seqlLine.ps 
psfig: searching seqlPolygon.ps for bounding box
psfig: including seqlPolygon.ps 
psfig: searching surface.ps for bounding box
psfig: including surface.ps 
[11]
psfig: searching strip1.ps for bounding box
psfig: including strip1.ps 
psfig: searching strip2.ps for bounding box
psfig: including strip2.ps 
[12]
Chapter 3.
[13

] [14] [15] [16] [17] [18] [19] [20] [21] [22]
Overfull \hbox (17.5986pt too wide) in paragraph at lines 686--688
[] []\elvit colorString \elvrm - char-ac-ter string color to be used for the sp
ec-i-fied curve/buffer. 

\hbox(8.2125+2.73749)x332.62494, glue set - 1.0
.\hbox(0.0+0.0)x0.0
.\glue 0.0
.\hbox(4.86667+0.0)x0.0
..\glue 0.0
..\glue -21.90005
..\glue -5.475
..\hbox(4.86667+0.0)x21.90005, glue set 21.90005fil
...\glue 0.0 plus 1.0fil minus 1.0fil
...\hbox(4.86667+0.0)x0.0, glue set - 5.475fil []
..\glue 5.475
.\penalty 0
.\elvit c
.etc.

[23] [24] [25] [26] [27] [28] [29] [30] [31] [32] [33]
Overfull \hbox (23.04933pt too wide) in paragraph at lines 1150--1153
[] []\elvit dataPoints \elvrm - ar-ray (size nBuffers) of ar-rays (size buffer-
Size) of XYdataPoint-

\hbox(8.2125+2.73749)x332.62494, glue set - 1.0
.\hbox(0.0+0.0)x0.0
.\glue 0.0
.\hbox(4.86667+0.0)x0.0
..\glue 0.0
..\glue -21.90005
..\glue -5.475
..\hbox(4.86667+0.0)x21.90005, glue set 21.90005fil
...\glue 0.0 plus 1.0fil minus 1.0fil
...\hbox(4.86667+0.0)x0.0, glue set - 5.475fil []
..\glue 5.475
.\penalty 0
.\elvit d
.etc.


Overfull \hbox (7.51277pt too wide) in paragraph at lines 1155--1157
[] []\elvit type \elvrm - graph plot type (GraphType): Graph-Bar, Graph-Point, 
GraphLine 

\hbox(8.2125+2.73749)x332.62494, glue set - 1.0
.\hbox(0.0+0.0)x0.0
.\glue 0.0
.\hbox(4.86667+0.0)x0.0
..\glue 0.0
..\glue -21.90005
..\glue -5.475
..\hbox(4.86667+0.0)x21.90005, glue set 21.90005fil
...\glue 0.0 plus 1.0fil minus 1.0fil
...\hbox(4.86667+0.0)x0.0, glue set - 5.475fil []
..\glue 5.475
.\penalty 0
.\elvit t
.etc.

[34]
Overfull \hbox (33.9604pt too wide) in paragraph at lines 1166--1169
[] []\elvit storageMode \elvrm - graph plot data stor-age mode: $\elvsy f$\elvi
t GraphInternal, GraphExternal$\elvsy g$

\hbox(8.2125+2.73749)x332.62494, glue set - 1.0
.\hbox(0.0+0.0)x0.0
.\glue 0.0
.\hbox(4.86667+0.0)x0.0
..\glue 0.0
..\glue -21.90005
..\glue -5.475
..\hbox(4.86667+0.0)x21.90005, glue set 21.90005fil
...\glue 0.0 plus 1.0fil minus 1.0fil
...\hbox(4.86667+0.0)x0.0, glue set - 5.475fil []
..\glue 5.475
.\penalty 0
.\elvit s
.etc.

[35] [36] [37] [38]
Overfull \hbox (17.5986pt too wide) in paragraph at lines 1350--1352
[] []\elvit colorString \elvrm - char-ac-ter string color to be used for the sp
ec-i-fied curve/buffer. 

\hbox(8.2125+2.73749)x332.62494, glue set - 1.0
.\hbox(0.0+0.0)x0.0
.\glue 0.0
.\hbox(4.86667+0.0)x0.0
..\glue 0.0
..\glue -21.90005
..\glue -5.475
..\hbox(4.86667+0.0)x21.90005, glue set 21.90005fil
...\glue 0.0 plus 1.0fil minus 1.0fil
...\hbox(4.86667+0.0)x0.0, glue set - 5.475fil []
..\glue 5.475
.\penalty 0
.\elvit c
.etc.

[39] [40] [41] [42] [43] [44] [45] [46] [47] [48] [49] [50] [51] [52]
Overfull \hbox (18.38083pt too wide) in paragraph at lines 1930--1932
[]\elvrm Set the re-gion of in-ter-est to be dis-played for the spec-i-fied cur
ve/trace/channel

\hbox(8.2125+2.73749)x360.0, glue set - 1.0
.\hbox(0.0+0.0)x17.0
.\elvrm S
.\elvrm e
.\elvrm t
.\glue 3.65 plus 1.825 minus 1.21666
.etc.

[53] [54] [55] [56] [57] [58] [59] [60] [61] [62] [63] [64] [65] [66]
Overfull \hbox (5.10141pt too wide) in paragraph at lines 2463--2482
[]

\hbox(97.4+91.4)x360.0
.\hbox(97.4+91.4)x365.10141
..\hbox(188.79999+0.0)x365.10141, shifted 91.4
...\vbox(188.79999+0.0)x365.10141 []
.\glue(\rightskip) 0.0


Overfull \hbox (33.42776pt too wide) in paragraph at lines 2490--2492
[] []\elvit type \elvrm - se-quen-tial data plot type (Graph3dType): Graph3dGri
d, Graph3dPoint 

\hbox(8.2125+2.73749)x332.62494, glue set - 1.0
.\hbox(0.0+0.0)x0.0
.\glue 0.0
.\hbox(4.86667+0.0)x0.0
..\glue 0.0
..\glue -21.90005
..\glue -5.475
..\hbox(4.86667+0.0)x21.90005, glue set 21.90005fil
...\glue 0.0 plus 1.0fil minus 1.0fil
...\hbox(4.86667+0.0)x0.0, glue set - 5.475fil []
..\glue 5.475
.\penalty 0
.\elvit t
.etc.


Overfull \hbox (10.81801pt too wide) in paragraph at lines 2500--2503
[] []\elvit storageMode \elvrm - se-quen-tial data plot data stor-age mode: $\e
lvsy f$\elvit Graph3dInternal,

\hbox(8.2125+2.73749)x332.62494, glue set - 1.0
.\hbox(0.0+0.0)x0.0
.\glue 0.0
.\hbox(4.86667+0.0)x0.0
..\glue 0.0
..\glue -21.90005
..\glue -5.475
..\hbox(4.86667+0.0)x21.90005, glue set 21.90005fil
...\glue 0.0 plus 1.0fil minus 1.0fil
...\hbox(4.86667+0.0)x0.0, glue set - 5.475fil []
..\glue 5.475
.\penalty 0
.\elvit s
.etc.

[67] [68] [69] [70] [71] [72]
Overfull \hbox (33.42776pt too wide) in paragraph at lines 2725--2727
[] []\elvit type \elvrm - se-quen-tial data plot type (Graph3dType): Graph3dGri
d, Graph3dPoint 

\hbox(8.2125+2.73749)x332.62494, glue set - 1.0
.\hbox(0.0+0.0)x0.0
.\glue 0.0
.\hbox(4.86667+0.0)x0.0
..\glue 0.0
..\glue -21.90005
..\glue -5.475
..\hbox(4.86667+0.0)x21.90005, glue set 21.90005fil
...\glue 0.0 plus 1.0fil minus 1.0fil
...\hbox(4.86667+0.0)x0.0, glue set - 5.475fil []
..\glue 5.475
.\penalty 0
.\elvit t
.etc.

[73] [74] [75] [76] [77] [78] [79] [80]
Overfull \hbox (5.42513pt too wide) in paragraph at lines 3073--3076
[] []\elvit storageMode \elvrm - se-quen-tial data plot data stor-age mode: $\e
lvsy f$\elvit SurfaceInternal,

\hbox(8.2125+2.73749)x332.62494, glue set - 1.0
.\hbox(0.0+0.0)x0.0
.\glue 0.0
.\hbox(4.86667+0.0)x0.0
..\glue 0.0
..\glue -21.90005
..\glue -5.475
..\hbox(4.86667+0.0)x21.90005, glue set 21.90005fil
...\glue 0.0 plus 1.0fil minus 1.0fil
...\hbox(4.86667+0.0)x0.0, glue set - 5.475fil []
..\glue 5.475
.\penalty 0
.\elvit s
.etc.

[81] [82]
Overfull \hbox (20.6778pt too wide) in paragraph at lines 3105--3113
[]

\hbox(20.4+14.4)x360.0
.\hbox(20.4+14.4)x380.6778
..\hbox(34.79999+0.0)x380.6778, shifted 14.4
...\vbox(34.79999+0.0)x380.6778 []
.\glue(\rightskip) 0.0

[83] [84] [85] [86] [87] [88] [89]
Overfull \hbox (25.76909pt too wide) in paragraph at lines 3414--3418
\elvbf Font() \elvrm func-tion and \elvbf GraphX[]TitleFontSize() \elvrm and \e
lvbf GraphX[]AxesFontSize()

\hbox(8.2125+2.73749)x360.0, glue set - 1.0
.\elvbf F
.\kern-1.04938
.\elvbf o
.\elvbf n
.\kern-0.3498
.etc.

[90] [91]
Overfull \hbox (76.90027pt too wide) in paragraph at lines 3513--3513
[]   \elvtt titleFont = graphXGetBestFont(display,"times","bold","r", titleFont
Size);[] 

\hbox(7.60416+2.43333)x360.0
.\hbox(0.0+0.0)x0.0
.\penalty 10000
.\glue 5.74869
.\penalty 10000
.\glue 5.74869
.etc.


Overfull \hbox (76.90027pt too wide) in paragraph at lines 3513--3513
[]   \elvtt axesFont  = graphXGetBestFont(display,"times","medium","r",axesFont
Size);[] 

\hbox(7.60416+2.43333)x360.0
.\hbox(0.0+0.0)x0.0
.\penalty 10000
.\glue 5.74869
.\penalty 10000
.\glue 5.74869
.etc.

[92] [93]
Overfull \hbox (48.15683pt too wide) in paragraph at lines 3581--3581
[]\elvtt #include "Graph.h"             /* include the appropriate Plot defn. *
/[] 

\hbox(7.60416+2.43333)x360.0
.\hbox(0.0+0.0)x0.0
.\elvtt #
.\elvtt i
.\elvtt n
.\elvtt c
.etc.


Overfull \hbox (7.91602pt too wide) in paragraph at lines 3581--3581
[]\elvtt #define STRINGSIZE 60          /* size of font string buffers */[] 

\hbox(7.60416+2.43333)x360.0
.\hbox(0.0+0.0)x0.0
.\elvtt #
.\elvtt d
.\elvtt e
.\elvtt f
.etc.


Overfull \hbox (71.15158pt too wide) in paragraph at lines 3581--3581
[]  \elvtt titleFont = graphXGetBestFont(display,"times","bold","r", titleFontS
ize);[] 

\hbox(7.60416+2.43333)x360.0
.\hbox(0.0+0.0)x0.0
.\penalty 10000
.\glue 5.74869
.\penalty 10000
.\glue 5.74869
.etc.


Overfull \hbox (65.4029pt too wide) in paragraph at lines 3581--3581
[]  \elvtt axesFont = graphXGetBestFont(display,"times","medium","r",axesFontSi
ze);[] 

\hbox(7.60416+2.43333)x360.0
.\hbox(0.0+0.0)x0.0
.\penalty 10000
.\glue 5.74869
.\penalty 10000
.\glue 5.74869
.etc.

[94]
Chapter 4.

Overfull \hbox (1.32494pt too wide) in paragraph at lines 3604--3610
\elvrm the user-Data field via an ex-plicit []

\hbox(11.61249+6.13748)x360.0, glue set - 1.0
.\elvrm t
.\elvrm h
.\elvrm e
.\glue 3.65 plus 1.825 minus 1.21666
.\elvrm u
.etc.

[95

]
Overfull \hbox (19.96254pt too wide) in paragraph at lines 3627--3635
[]\elvrm In all cases, the fore-ground color pixel value should be put in the $
\elvsy ^^@ \elvmi >$\elvrm forePixel

\hbox(7.60416+2.12917)x360.0, glue set - 1.0
.\hbox(0.0+0.0)x17.0
.\elvrm I
.\elvrm n
.\glue 3.65 plus 1.825 minus 1.21666
.\elvrm a
.etc.


Overfull \hbox (17.83624pt too wide) in paragraph at lines 3653--3657
\elvsy ^^@ \elvmi >$\elvrm titleFont field, the ti-tle font's height should be 
put in the $\elvsy ^^@ \elvmi >$\elvrm titleFontHeight

\hbox(7.60416+2.12917)x360.0, glue set - 1.0
.\elvsy ^^@
.\glue(\thickmuskip) 3.04161 plus 3.04161
.\elvmi >
.\mathoff
.\elvrm t
.etc.


Overfull \hbox (20.75623pt too wide) in paragraph at lines 3658--3663
\elvsy ^^@ \elvmi >$\elvrm axesFont field, the axes font's height should be put
 in the $\elvsy ^^@ \elvmi >$\elvrm axesFontHeight

\hbox(7.60416+2.12917)x360.0, glue set - 1.0
.\elvsy ^^@
.\glue(\thickmuskip) 3.04161 plus 3.04161
.\elvmi >
.\mathoff
.\elvrm a
.etc.

[96] [97]
Chapter 5.
[98

] [99]
Chapter 6.
[100

] [101] (testGraph.latex
Overfull \hbox (8.54572pt too wide) in paragraph at lines 377--377
[]\nintt #include <X11/Shell.h>    /* only need this for applicationShellWidget
Class */[] 

\hbox(6.25+2.0)x360.0
.\hbox(0.0+0.0)x0.0
.\nintt #
.\nintt i
.\nintt n
.\nintt c
.etc.

[102] [103]
Overfull \hbox (3.82077pt too wide) in paragraph at lines 377--377
[]     \nintt data[i] = (XYdataPoint *) malloc((unsigned) NPTS * sizeof(XYdataP
oint));[] 

\hbox(6.25+2.0)x360.0
.\hbox(0.0+0.0)x0.0
.\penalty 10000
.\glue 4.72495
.\penalty 10000
.\glue 4.72495
.etc.


Overfull \hbox (8.54572pt too wide) in paragraph at lines 377--377
[]  \nintt printf("\n\t enter l to display as line\n\t p = point\n\t b = bar ch
art\n");[] 

\hbox(6.25+2.0)x360.0
.\hbox(0.0+0.0)x0.0
.\penalty 10000
.\glue 4.72495
.\penalty 10000
.\glue 4.72495
.etc.

[104] [105]
Overfull \hbox (3.82077pt too wide) in paragraph at lines 377--377
[]                                \nintt 0.5 - 0.1*((double) random())/pow(2.0,
31.0));[] 

\hbox(6.25+2.0)x360.0
.\hbox(0.0+0.0)x0.0
.\penalty 10000
.\glue 4.72495
.\penalty 10000
.\glue 4.72495
.etc.

[106] [107] [108] [109]) [110] (testStrip.latex [111] [112] [113]
Overfull \hbox (13.27066pt too wide) in paragraph at lines 390--390
[] \nintt * add the expose and resize callbacks, passing pointer to strip as th
e data of[] 

\hbox(5.49998+2.0)x360.0
.\hbox(0.0+0.0)x0.0
.\penalty 10000
.\glue 4.72495
.\nintt *
.\penalty 10000
.etc.

[114] [115] [116]
Overfull \hbox (3.82077pt too wide) in paragraph at lines 390--390
[]\nintt caddr_t call_data;  /* address of Strip structure later than XtAddCall
back */[] 

\hbox(6.25+2.0)x360.0
.\hbox(0.0+0.0)x0.0
.\nintt c
.\nintt a
.\nintt d
.\nintt d
.etc.


Overfull \hbox (3.82077pt too wide) in paragraph at lines 390--390
[]\nintt caddr_t call_data;  /* address of Strip structure later than XtAddCall
back */[] 

\hbox(6.25+2.0)x360.0
.\hbox(0.0+0.0)x0.0
.\nintt c
.\nintt a
.\nintt d
.\nintt d
.etc.

[117] [118]) [119] (testSurface.latex [120] [121] [122] [123] [124] [125]
Overfull \hbox (8.54572pt too wide) in paragraph at lines 330--330
[]\nintt caddr_t call_data;    /* address of Surface struct later than XtAddCal
lback */[] 

\hbox(6.25+1.25)x360.0
.\hbox(0.0+0.0)x0.0
.\nintt c
.\nintt a
.\nintt d
.\nintt d
.etc.


Overfull \hbox (8.54572pt too wide) in paragraph at lines 330--330
[]\nintt caddr_t call_data;    /* address of Surface struct later than XtAddCal
lback */[] 

\hbox(6.25+1.25)x360.0
.\hbox(0.0+0.0)x0.0
.\nintt c
.\nintt a
.\nintt d
.\nintt d
.etc.

[126]) [127] [128]
Chapter 7.
[129

] (graphX.ind [130

]
Overfull \hbox (0.69478pt too wide) in paragraph at lines 113--114
[]|  \elvrm graph-Se-tRangeDe-fault(), 37 

\hbox(8.2125+2.73749)x162.5, glue set - 1.0
.\hbox(0.0+0.0)x0.0
.\rule(*+*)x0.0
.\penalty 10000
.\glue 30.0
.\glue 0.0
.etc.


Overfull \hbox (7.2952pt too wide) in paragraph at lines 123--124
[]|  \elvrm graph3dSetDisplayType(), 73 

\hbox(8.2125+2.73749)x162.5, glue set - 1.0
.\hbox(0.0+0.0)x0.0
.\rule(*+*)x0.0
.\penalty 10000
.\glue 30.0
.\glue 0.0
.etc.


Overfull \hbox (12.25313pt too wide) in paragraph at lines 125--126
[]|  \elvrm graph3dSetRangeDefault(), 70 

\hbox(8.2125+2.73749)x162.5, glue set - 1.0
.\hbox(0.0+0.0)x0.0
.\rule(*+*)x0.0
.\penalty 10000
.\glue 30.0
.\glue 0.0
.etc.


Overfull \hbox (2.15477pt too wide) in paragraph at lines 165--166
[]|  \elvrm sur-face-Se-tRen-der-Mode(), 83 

\hbox(8.2125+2.73749)x162.5, glue set - 1.0
.\hbox(0.0+0.0)x0.0
.\rule(*+*)x0.0
.\penalty 10000
.\glue 30.0
.\glue 0.0
.etc.


Overfull \hbox (5.3333pt too wide) in paragraph at lines 169--170
[]|  \elvrm graphXGetBest-Font(), 90, 91 

\hbox(8.2125+2.73749)x162.5, glue set - 1.0
.\hbox(0.0+0.0)x0.0
.\rule(*+*)x0.0
.\penalty 10000
.\glue 30.0
.\glue 0.0
.etc.

[131] [132

]) (graphX.aux) ) 
Here is how much of TeX's memory you used:
 322 strings out of 6963
 3045 string characters out of 63241
 43502 words of memory out of 262141
 2222 multiletter control sequences out of 9500
 19913 words of font info for 75 fonts, out of 72000 for 255
 14 hyphenation exceptions out of 607
 17i,8n,17p,188b,364s stack positions out of 300i,40n,60p,3000b,4000s

Output written on graphX.dvi (134 pages, 173552 bytes).
